[debug] [2024-11-21T18:10:19.712Z] ----------------------------------------------------------------------
[debug] [2024-11-21T18:10:19.716Z] Command:       D:\node.exe C:\Users\Joy\AppData\Roaming\npm\node_modules\firebase-tools\lib\bin\firebase.js init
[debug] [2024-11-21T18:10:19.716Z] CLI Version:   13.26.0
[debug] [2024-11-21T18:10:19.716Z] Platform:      win32
[debug] [2024-11-21T18:10:19.717Z] Node Version:  v20.11.0
[debug] [2024-11-21T18:10:19.717Z] Time:          Thu Nov 21 2024 20:10:19 GMT+0200 (Eastern European Standard Time)
[debug] [2024-11-21T18:10:19.717Z] ----------------------------------------------------------------------
[debug] 
[debug] [2024-11-21T18:10:19.726Z] > command requires scopes: ["email","openid","https://www.googleapis.com/auth/cloudplatformprojects.readonly","https://www.googleapis.com/auth/firebase","https://www.googleapis.com/auth/cloud-platform"]
[debug] [2024-11-21T18:10:19.727Z] > authorizing via signed-in user (radostinanice9@gmail.com)
[info] 
     ######## #### ########  ######## ########     ###     ######  ########
     ##        ##  ##     ## ##       ##     ##  ##   ##  ##       ##
     ######    ##  ########  ######   ########  #########  ######  ######
     ##        ##  ##    ##  ##       ##     ## ##     ##       ## ##
     ##       #### ##     ## ######## ########  ##     ##  ######  ########

You're about to initialize a Firebase project in this directory:

  D:\JS PROJECTS\FocusAndJoy

[info] 
=== Project Setup
[info] 
[info] First, let's associate this project directory with a Firebase project.
[info] You can create multiple project aliases by running firebase use --add, 
[info] but for now we'll just set up a default project.
[info] 
[debug] [2024-11-21T18:10:25.785Z] Checked if tokens are valid: true, expires at: 1732216131836
[debug] [2024-11-21T18:10:25.785Z] Checked if tokens are valid: true, expires at: 1732216131836
[debug] [2024-11-21T18:10:25.787Z] >>> [apiv2][query] GET https://firebase.googleapis.com/v1beta1/projects pageSize=100
[debug] [2024-11-21T18:10:26.340Z] <<< [apiv2][status] GET https://firebase.googleapis.com/v1beta1/projects 200
[debug] [2024-11-21T18:10:26.341Z] <<< [apiv2][body] GET https://firebase.googleapis.com/v1beta1/projects [omitted]
[info] i  Using project focusandjoy-61c00 (focusAndJoy) 
[info] 
=== Dataconnect Setup
[debug] [2024-11-21T18:10:28.784Z] Checked if tokens are valid: true, expires at: 1732216131836
[debug] [2024-11-21T18:10:28.784Z] Checked if tokens are valid: true, expires at: 1732216131836
[debug] [2024-11-21T18:10:28.784Z] >>> [apiv2][query] GET https://cloudbilling.googleapis.com/v1/projects/focusandjoy-61c00/billingInfo [none]
[debug] [2024-11-21T18:10:29.493Z] <<< [apiv2][status] GET https://cloudbilling.googleapis.com/v1/projects/focusandjoy-61c00/billingInfo 200
[debug] [2024-11-21T18:10:29.493Z] <<< [apiv2][body] GET https://cloudbilling.googleapis.com/v1/projects/focusandjoy-61c00/billingInfo {"name":"projects/focusandjoy-61c00/billingInfo","projectId":"focusandjoy-61c00","billingAccountName":"","billingEnabled":false}
[info] i  dataconnect: ensuring required API sqladmin.googleapis.com is enabled... 
[debug] [2024-11-21T18:10:29.494Z] Checked if tokens are valid: true, expires at: 1732216131836
[debug] [2024-11-21T18:10:29.494Z] Checked if tokens are valid: true, expires at: 1732216131836
[debug] [2024-11-21T18:10:29.494Z] >>> [apiv2][query] GET https://serviceusage.googleapis.com/v1/projects/focusandjoy-61c00/services/sqladmin.googleapis.com [none]
[debug] [2024-11-21T18:10:29.494Z] >>> [apiv2][(partial)header] GET https://serviceusage.googleapis.com/v1/projects/focusandjoy-61c00/services/sqladmin.googleapis.com x-goog-quota-user=projects/focusandjoy-61c00
[debug] [2024-11-21T18:10:30.575Z] <<< [apiv2][status] GET https://serviceusage.googleapis.com/v1/projects/focusandjoy-61c00/services/sqladmin.googleapis.com 200
[debug] [2024-11-21T18:10:30.575Z] <<< [apiv2][body] GET https://serviceusage.googleapis.com/v1/projects/focusandjoy-61c00/services/sqladmin.googleapis.com [omitted]
[info] +  dataconnect: required API sqladmin.googleapis.com is enabled 
[info] i  dataconnect\dataconnect.yaml is unchanged 
[info] i  dataconnect\schema\schema.gql is unchanged 
[info] i  dataconnect\connector\connector.yaml is unchanged 
[info] i  dataconnect\connector\queries.gql is unchanged 
[info] i  dataconnect\connector\mutations.gql is unchanged 
[info] i  If you'd like to add the generated SDK to your app your, run firebase init dataconnect:sdk 
[info] i  If you'd like to provision a CloudSQL Postgres instance on the Firebase Data Connect no-cost trial:
1. Please upgrade to the pay-as-you-go (Blaze) billing plan. Visit the following page:
     https://console.firebase.google.com/project/focusandjoy-61c00/usage/details
2. Run firebase init dataconnect again to configure the Cloud SQL instance.
3. Run firebase deploy --only dataconnect to deploy your Data Connect service. 
[info] 
=== Firestore Setup
[debug] [2024-11-21T18:10:30.584Z] Checked if tokens are valid: true, expires at: 1732216131836
[debug] [2024-11-21T18:10:30.584Z] Checked if tokens are valid: true, expires at: 1732216131836
[debug] [2024-11-21T18:10:30.584Z] >>> [apiv2][query] GET https://serviceusage.googleapis.com/v1/projects/focusandjoy-61c00/services/firestore.googleapis.com [none]
[debug] [2024-11-21T18:10:30.584Z] >>> [apiv2][(partial)header] GET https://serviceusage.googleapis.com/v1/projects/focusandjoy-61c00/services/firestore.googleapis.com x-goog-quota-user=projects/focusandjoy-61c00
[debug] [2024-11-21T18:10:31.576Z] <<< [apiv2][status] GET https://serviceusage.googleapis.com/v1/projects/focusandjoy-61c00/services/firestore.googleapis.com 200
[debug] [2024-11-21T18:10:31.577Z] <<< [apiv2][body] GET https://serviceusage.googleapis.com/v1/projects/focusandjoy-61c00/services/firestore.googleapis.com [omitted]
[debug] [2024-11-21T18:10:31.577Z] Checked if tokens are valid: true, expires at: 1732216131836
[debug] [2024-11-21T18:10:31.577Z] Checked if tokens are valid: true, expires at: 1732216131836
[debug] [2024-11-21T18:10:31.577Z] >>> [apiv2][query] GET https://firestore.googleapis.com/v1/projects/focusandjoy-61c00/databases/(default) [none]
[debug] [2024-11-21T18:10:31.916Z] <<< [apiv2][status] GET https://firestore.googleapis.com/v1/projects/focusandjoy-61c00/databases/(default) 200
[debug] [2024-11-21T18:10:31.916Z] <<< [apiv2][body] GET https://firestore.googleapis.com/v1/projects/focusandjoy-61c00/databases/(default) {"name":"projects/focusandjoy-61c00/databases/(default)","uid":"b91ef382-9123-4289-a593-95578cc096a5","createTime":"2024-11-21T18:09:57.073348Z","updateTime":"2024-11-21T18:09:57.073348Z","locationId":"eur3","type":"FIRESTORE_NATIVE","concurrencyMode":"PESSIMISTIC","versionRetentionPeriod":"3600s","earliestVersionTime":"2024-11-21T18:09:57.073348Z","appEngineIntegrationMode":"DISABLED","keyPrefix":"e","pointInTimeRecoveryEnablement":"POINT_IN_TIME_RECOVERY_DISABLED","deleteProtectionState":"DELETE_PROTECTION_DISABLED","etag":"IKuX5vSC7okDMMTLmOSC7okD"}
[debug] [2024-11-21T18:10:31.916Z] database_type: FIRESTORE_NATIVE
[debug] [2024-11-21T18:10:31.916Z] database_type: FIRESTORE_NATIVE
[debug] [2024-11-21T18:10:31.916Z] > command requires scopes: ["email","openid","https://www.googleapis.com/auth/cloudplatformprojects.readonly","https://www.googleapis.com/auth/firebase","https://www.googleapis.com/auth/cloud-platform"]
[debug] [2024-11-21T18:10:31.916Z] > authorizing via signed-in user (radostinanice9@gmail.com)
[debug] [2024-11-21T18:10:31.916Z] [iam] checking project focusandjoy-61c00 for permissions ["firebase.projects.get"]
[debug] [2024-11-21T18:10:31.917Z] Checked if tokens are valid: true, expires at: 1732216131836
[debug] [2024-11-21T18:10:31.917Z] Checked if tokens are valid: true, expires at: 1732216131836
[debug] [2024-11-21T18:10:31.917Z] >>> [apiv2][query] POST https://cloudresourcemanager.googleapis.com/v1/projects/focusandjoy-61c00:testIamPermissions [none]
[debug] [2024-11-21T18:10:31.917Z] >>> [apiv2][(partial)header] POST https://cloudresourcemanager.googleapis.com/v1/projects/focusandjoy-61c00:testIamPermissions x-goog-quota-user=projects/focusandjoy-61c00
[debug] [2024-11-21T18:10:31.917Z] >>> [apiv2][body] POST https://cloudresourcemanager.googleapis.com/v1/projects/focusandjoy-61c00:testIamPermissions {"permissions":["firebase.projects.get"]}
[debug] [2024-11-21T18:10:32.788Z] <<< [apiv2][status] POST https://cloudresourcemanager.googleapis.com/v1/projects/focusandjoy-61c00:testIamPermissions 200
[debug] [2024-11-21T18:10:32.788Z] <<< [apiv2][body] POST https://cloudresourcemanager.googleapis.com/v1/projects/focusandjoy-61c00:testIamPermissions {"permissions":["firebase.projects.get"]}
[info] 
[info] Firestore Security Rules allow you to define how and when to allow
[info] requests. You can keep these rules in your project directory
[info] and publish them with firebase deploy.
[info] 
[debug] [2024-11-21T18:10:41.337Z] Checked if tokens are valid: true, expires at: 1732216131836
[debug] [2024-11-21T18:10:41.337Z] Checked if tokens are valid: true, expires at: 1732216131836
[debug] [2024-11-21T18:10:41.338Z] >>> [apiv2][query] GET https://firebaserules.googleapis.com/v1/projects/focusandjoy-61c00/releases pageSize=10&pageToken=
[debug] [2024-11-21T18:10:42.123Z] <<< [apiv2][status] GET https://firebaserules.googleapis.com/v1/projects/focusandjoy-61c00/releases 200
[debug] [2024-11-21T18:10:42.123Z] <<< [apiv2][body] GET https://firebaserules.googleapis.com/v1/projects/focusandjoy-61c00/releases {"releases":[{"name":"projects/focusandjoy-61c00/releases/cloud.firestore","rulesetName":"projects/focusandjoy-61c00/rulesets/177fa065-bb4a-4542-b41b-d0321d1379ae","createTime":"2024-11-21T18:10:03.865221Z","updateTime":"2024-11-21T18:10:03.865221Z"}]}
[debug] [2024-11-21T18:10:42.124Z] Found ruleset: projects/focusandjoy-61c00/rulesets/177fa065-bb4a-4542-b41b-d0321d1379ae
[debug] [2024-11-21T18:10:42.124Z] Checked if tokens are valid: true, expires at: 1732216131836
[debug] [2024-11-21T18:10:42.124Z] Checked if tokens are valid: true, expires at: 1732216131836
[debug] [2024-11-21T18:10:42.124Z] >>> [apiv2][query] GET https://firebaserules.googleapis.com/v1/projects/focusandjoy-61c00/rulesets/177fa065-bb4a-4542-b41b-d0321d1379ae [none]
[debug] [2024-11-21T18:10:42.801Z] <<< [apiv2][status] GET https://firebaserules.googleapis.com/v1/projects/focusandjoy-61c00/rulesets/177fa065-bb4a-4542-b41b-d0321d1379ae 200
[debug] [2024-11-21T18:10:42.801Z] <<< [apiv2][body] GET https://firebaserules.googleapis.com/v1/projects/focusandjoy-61c00/rulesets/177fa065-bb4a-4542-b41b-d0321d1379ae [omitted]
[info] 
[info] Firestore indexes allow you to perform complex queries while
[info] maintaining performance that scales with the size of the result
[info] set. You can keep index definitions in your project directory
[info] and publish them with firebase deploy.
[info] 
[debug] [2024-11-21T18:10:45.676Z] Checked if tokens are valid: true, expires at: 1732216131836
[debug] [2024-11-21T18:10:45.676Z] Checked if tokens are valid: true, expires at: 1732216131836
[debug] [2024-11-21T18:10:45.677Z] Checked if tokens are valid: true, expires at: 1732216131836
[debug] [2024-11-21T18:10:45.677Z] Checked if tokens are valid: true, expires at: 1732216131836
[debug] [2024-11-21T18:10:45.677Z] >>> [apiv2][query] GET https://firestore.googleapis.com/v1/projects/focusandjoy-61c00/databases/(default)/collectionGroups/-/indexes [none]
[debug] [2024-11-21T18:10:45.679Z] >>> [apiv2][query] GET https://firestore.googleapis.com/v1/projects/focusandjoy-61c00/databases/(default)/collectionGroups/-/fields?filter=indexConfig.usesAncestorConfig=false OR ttlConfig:* [none]
[debug] [2024-11-21T18:10:46.031Z] <<< [apiv2][status] GET https://firestore.googleapis.com/v1/projects/focusandjoy-61c00/databases/(default)/collectionGroups/-/indexes 200
[debug] [2024-11-21T18:10:46.032Z] <<< [apiv2][body] GET https://firestore.googleapis.com/v1/projects/focusandjoy-61c00/databases/(default)/collectionGroups/-/indexes {}
[debug] [2024-11-21T18:10:46.239Z] <<< [apiv2][status] GET https://firestore.googleapis.com/v1/projects/focusandjoy-61c00/databases/(default)/collectionGroups/-/fields?filter=indexConfig.usesAncestorConfig=false OR ttlConfig:* 200
[debug] [2024-11-21T18:10:46.239Z] <<< [apiv2][body] GET https://firestore.googleapis.com/v1/projects/focusandjoy-61c00/databases/(default)/collectionGroups/-/fields?filter=indexConfig.usesAncestorConfig=false OR ttlConfig:* {"fields":[{"name":"projects/focusandjoy-61c00/databases/(default)/collectionGroups/__default__/fields/*","indexConfig":{"indexes":[{"queryScope":"COLLECTION","fields":[{"fieldPath":"*","order":"ASCENDING"}],"state":"READY"},{"queryScope":"COLLECTION","fields":[{"fieldPath":"*","order":"DESCENDING"}],"state":"READY"},{"queryScope":"COLLECTION","fields":[{"fieldPath":"*","arrayConfig":"CONTAINS"}],"state":"READY"}]}}]}
[info] 
=== Genkit Setup
[debug] [2024-11-21T18:10:46.341Z] Error: spawnSync npm ENOENT
    at Object.spawnSync (node:internal/child_process:1124:20)
    at spawnSync (node:child_process:876:24)
    at execFileSync (node:child_process:919:15)
    at getGenkitVersion (C:\Users\Joy\AppData\Roaming\npm\node_modules\firebase-tools\lib\init\features\genkit\index.js:29:58)
    at doSetup (C:\Users\Joy\AppData\Roaming\npm\node_modules\firebase-tools\lib\init\features\genkit\index.js:56:30)
    at init (C:\Users\Joy\AppData\Roaming\npm\node_modules\firebase-tools\lib\init\index.js:41:15)
    at init (C:\Users\Joy\AppData\Roaming\npm\node_modules\firebase-tools\lib\init\index.js:42:16)
    at process.processTicksAndRejections (node:internal/process/task_queues:95:5)
[error] 
[error] Error: An unexpected error has occurred.
